Old/Lecture8_SampleCode/app/build/intermediates/manifest_merge_blame_file/debug/manifest-merger-blame-debug-report.txt
1<?xml version="1.0" encoding="utf-8"?>
2<manifest xmlns:android="http://schemas.android.com/apk/res/android"
3    package="com.example.hserban.lecture8_samplecode"
4    android:versionCode="1"
5    android:versionName="1.0" >
6
7    <uses-sdk
8        android:minSdkVersion="21"
8-->src\main\AndroidManifest.xml
9        android:targetSdkVersion="32" />
9-->src\main\AndroidManifest.xml
10
11    <uses-permission android:name="android.permission.CAMERA" />
11-->src\main\AndroidManifest.xml:5:5-65
11-->src\main\AndroidManifest.xml:5:22-62
12
13    <uses-feature android:name="android.hardware.camera" />
13-->src\main\AndroidManifest.xml:7:5-60
13-->src\main\AndroidManifest.xml:7:19-57
14
15    <uses-permission android:name="android.permission.ACCESS_NETWORK_STATE" />
15-->src\main\AndroidManifest.xml:9:5-79
15-->src\main\AndroidManifest.xml:9:22-76
16    <uses-permission android:name="android.permission.INTERNET" />
16-->src\main\AndroidManifest.xml:10:5-67
16-->src\main\AndroidManifest.xml:10:22-64
17    <uses-permission android:name="android.permission.ACCESS_NETWORK_STATE" />
17-->src\main\AndroidManifest.xml:9:5-79
17-->src\main\AndroidManifest.xml:9:22-76
18    <uses-permission android:name="android.permission.READ_EXTERNAL_STORAGE" />
18-->src\main\AndroidManifest.xml:12:5-80
18-->src\main\AndroidManifest.xml:12:22-77
19    <uses-permission android:name="android.permission.WRITE_EXTERNAL_STORAGE" />
19-->src\main\AndroidManifest.xml:13:5-81
19-->src\main\AndroidManifest.xml:13:22-78
20
21    <application
21-->src\main\AndroidManifest.xml:15:5-73:19
22        android:allowBackup="true"
22-->src\main\AndroidManifest.xml:16:9-35
23        android:appComponentFactory="androidx.core.app.CoreComponentFactory"
23-->[androidx.core:core:1.8.0] AndroidManifest.xml:24:18-86
24        android:debuggable="true"
25        android:icon="@mipmap/ic_launcher"
25-->src\main\AndroidManifest.xml:17:9-43
26        android:label="@string/app_name"
26-->src\main\AndroidManifest.xml:18:9-41
27        android:roundIcon="@mipmap/ic_launcher_round"
27-->src\main\AndroidManifest.xml:19:9-54
28        android:supportsRtl="true"
28-->src\main\AndroidManifest.xml:20:9-35
29        android:testOnly="true"
30        android:theme="@style/AppTheme" >
30-->src\main\AndroidManifest.xml:21:9-40
31        <activity
31-->src\main\AndroidManifest.xml:22:9-28:20
32            android:name="com.example.hserban.lecture8_samplecode.ReadNote"
32-->src\main\AndroidManifest.xml:23:13-37
33            android:exported="false" >
33-->src\main\AndroidManifest.xml:24:13-37
34            <meta-data
34-->src\main\AndroidManifest.xml:25:13-27:36
35                android:name="android.app.lib_name"
35-->src\main\AndroidManifest.xml:26:17-52
36                android:value="" />
36-->src\main\AndroidManifest.xml:27:17-33
37        </activity>
38        <activity
38-->src\main\AndroidManifest.xml:29:9-35:20
39            android:name="com.example.hserban.lecture8_samplecode.CameraActivity"
39-->src\main\AndroidManifest.xml:30:13-43
40            android:exported="false" >
40-->src\main\AndroidManifest.xml:31:13-37
41            <meta-data
41-->src\main\AndroidManifest.xml:25:13-27:36
42                android:name="android.app.lib_name"
42-->src\main\AndroidManifest.xml:26:17-52
43                android:value="" />
43-->src\main\AndroidManifest.xml:27:17-33
44        </activity>
45
46        <meta-data
46-->src\main\AndroidManifest.xml:37:9-39:54
47            android:name="com.google.android.actions"
47-->src\main\AndroidManifest.xml:38:13-54
48            android:resource="@xml/provider_paths" />
48-->src\main\AndroidManifest.xml:39:13-51
49
50        <activity
50-->src\main\AndroidManifest.xml:41:9-47:20
51            android:name="com.example.hserban.lecture8_samplecode.DiceRoller"
51-->src\main\AndroidManifest.xml:42:13-39
52            android:exported="false" >
52-->src\main\AndroidManifest.xml:43:13-37
53            <meta-data
53-->src\main\AndroidManifest.xml:25:13-27:36
54                android:name="android.app.lib_name"
54-->src\main\AndroidManifest.xml:26:17-52
55                android:value="" />
55-->src\main\AndroidManifest.xml:27:17-33
56        </activity>
57        <activity
57-->src\main\AndroidManifest.xml:48:9-56:20
58            android:name="com.example.hserban.lecture8_samplecode.MainActivity"
58-->src\main\AndroidManifest.xml:49:13-41
59            android:exported="true" >
59-->src\main\AndroidManifest.xml:50:13-36
60            <intent-filter>
60-->src\main\AndroidManifest.xml:51:13-55:29
61                <action android:name="android.intent.action.MAIN" />
61-->src\main\AndroidManifest.xml:52:17-69
61-->src\main\AndroidManifest.xml:52:25-66
62
63                <category android:name="android.intent.category.LAUNCHER" />
63-->src\main\AndroidManifest.xml:54:17-77
63-->src\main\AndroidManifest.xml:54:27-74
64            </intent-filter>
65        </activity>
66        <activity android:name="com.example.hserban.lecture8_samplecode.WebViewActivity" />
66-->src\main\AndroidManifest.xml:57:9-53
66-->src\main\AndroidManifest.xml:57:19-50
67        <activity android:name="com.example.hserban.lecture8_samplecode.CurrentWeatherActivity" />
67-->src\main\AndroidManifest.xml:58:9-60
67-->src\main\AndroidManifest.xml:58:19-57
68        <activity android:name="com.example.hserban.lecture8_samplecode.SqlActivity" />
68-->src\main\AndroidManifest.xml:59:9-49
68-->src\main\AndroidManifest.xml:59:19-46
69        <activity android:name="com.example.hserban.lecture8_samplecode.NetworkOperationsActivity" />
69-->src\main\AndroidManifest.xml:60:9-63
69-->src\main\AndroidManifest.xml:60:19-60
70        <activity android:name="com.example.hserban.lecture8_samplecode.RecyclerActivity" />
70-->src\main\AndroidManifest.xml:61:9-54
70-->src\main\AndroidManifest.xml:61:19-51
71        <activity android:name="com.example.hserban.lecture8_samplecode.WebViewActivity" />
71-->src\main\AndroidManifest.xml:57:9-53
71-->src\main\AndroidManifest.xml:57:19-50
72
73        <provider
73-->src\main\AndroidManifest.xml:64:9-72:20
74            android:name="androidx.core.content.FileProvider"
74-->src\main\AndroidManifest.xml:65:13-62
75            android:authorities="com.example.hserban.lecture8_samplecode.provider"
75-->src\main\AndroidManifest.xml:66:13-83
76            android:exported="false"
76-->src\main\AndroidManifest.xml:67:13-37
77            android:grantUriPermissions="true" >
77-->src\main\AndroidManifest.xml:68:13-47
78            <meta-data
78-->src\main\AndroidManifest.xml:69:13-71:58
79                android:name="android.support.FILE_PROVIDER_PATHS"
79-->src\main\AndroidManifest.xml:70:17-67
80                android:resource="@xml/provider_paths" />
80-->src\main\AndroidManifest.xml:71:17-55
81        </provider>
82        <provider
82-->[androidx.emoji2:emoji2:1.2.0] AndroidManifest.xml:24:9-32:20
83            android:name="androidx.startup.InitializationProvider"
83-->[androidx.emoji2:emoji2:1.2.0] AndroidManifest.xml:25:13-67
84            android:authorities="com.example.hserban.lecture8_samplecode.androidx-startup"
84-->[androidx.emoji2:emoji2:1.2.0] AndroidManifest.xml:26:13-68
85            android:exported="false" >
85-->[androidx.emoji2:emoji2:1.2.0] AndroidManifest.xml:27:13-37
86            <meta-data
86-->[androidx.emoji2:emoji2:1.2.0] AndroidManifest.xml:29:13-31:52
87                android:name="androidx.emoji2.text.EmojiCompatInitializer"
87-->[androidx.emoji2:emoji2:1.2.0] AndroidManifest.xml:30:17-75
88                android:value="androidx.startup" />
88-->[androidx.emoji2:emoji2:1.2.0] AndroidManifest.xml:31:17-49
89            <meta-data
89-->[androidx.lifecycle:lifecycle-process:2.4.1] AndroidManifest.xml:31:13-33:52
90                android:name="androidx.lifecycle.ProcessLifecycleInitializer"
90-->[androidx.lifecycle:lifecycle-process:2.4.1] AndroidManifest.xml:32:17-78
91                android:value="androidx.startup" />
91-->[androidx.lifecycle:lifecycle-process:2.4.1] AndroidManifest.xml:33:17-49
92        </provider>
93    </application>
94
95</manifest>